{"C:\\Users\\User\\Desktop\\homeworks\\test-ci\\src\\__test__\\index.js": {"path":"C:\\Users\\User\\Desktop\\homeworks\\test-ci\\src\\__test__\\index.js","statementMap":{"0":{"start":{"line":2,"column":20},"end":{"line":10,"column":6}},"1":{"start":{"line":3,"column":8},"end":{"line":9,"column":9}},"2":{"start":{"line":4,"column":12},"end":{"line":4,"column":29}},"3":{"start":{"line":5,"column":15},"end":{"line":9,"column":9}},"4":{"start":{"line":6,"column":12},"end":{"line":6,"column":29}},"5":{"start":{"line":8,"column":12},"end":{"line":8,"column":30}},"6":{"start":{"line":12,"column":4},"end":{"line":12,"column":19}}},"fnMap":{"0":{"name":"healthingTotal","decl":{"start":{"line":1,"column":16},"end":{"line":1,"column":30}},"loc":{"start":{"line":1,"column":45},"end":{"line":13,"column":1}},"line":1},"1":{"name":"(anonymous_1)","decl":{"start":{"line":2,"column":37},"end":{"line":2,"column":38}},"loc":{"start":{"line":2,"column":47},"end":{"line":10,"column":5}},"line":2}},"branchMap":{"0":{"loc":{"start":{"line":3,"column":8},"end":{"line":9,"column":9}},"type":"if","locations":[{"start":{"line":3,"column":8},"end":{"line":9,"column":9}},{"start":{"line":5,"column":15},"end":{"line":9,"column":9}}],"line":3},"1":{"loc":{"start":{"line":5,"column":15},"end":{"line":9,"column":9}},"type":"if","locations":[{"start":{"line":5,"column":15},"end":{"line":9,"column":9}},{"start":{"line":7,"column":15},"end":{"line":9,"column":9}}],"line":5}},"s":{"0":3,"1":3,"2":1,"3":2,"4":1,"5":1,"6":3},"f":{"0":3,"1":3},"b":{"0":[1,2],"1":[1,1]},"_coverageSchema":"1a1c01bbd47fc00a2c39e90264f33305004495a9","hash":"f7b52a00915c4db811eb9e39a200d598191ce99a"}
}
